TN:
SF:/home/labber/lighthouse/assignments/Week_19/scheduler/src/components/Application.js
FN:16,Application
FN:27,(anonymous_1)
FNF:2
FNH:2
FNDA:16,Application
FNDA:20,(anonymous_1)
DA:22,16
DA:24,16
DA:26,16
DA:28,20
DA:41,16
LF:5
LH:5
BRF:0
BRH:0
end_of_record
TN:
SF:/home/labber/lighthouse/assignments/Week_19/scheduler/src/components/Button.js
FN:7,Button
FNF:1
FNH:1
FNDA:41,Button
DA:8,41
DA:13,41
LF:2
LH:2
BRF:0
BRH:0
end_of_record
TN:
SF:/home/labber/lighthouse/assignments/Week_19/scheduler/src/components/DayList.js
FN:5,DayList
FN:6,(anonymous_1)
FNF:2
FNH:2
FNDA:16,DayList
FNDA:20,(anonymous_1)
DA:6,16
DA:7,20
DA:18,16
LF:3
LH:3
BRF:0
BRH:0
end_of_record
TN:
SF:/home/labber/lighthouse/assignments/Week_19/scheduler/src/components/DayListItem.js
FN:6,formatSpots
FN:13,DayListItem
FN:22,(anonymous_2)
FNF:3
FNH:3
FNDA:20,formatSpots
FNDA:20,DayListItem
FNDA:1,(anonymous_2)
DA:7,20
DA:8,19
DA:10,1
DA:14,20
DA:19,20
DA:22,1
LF:6
LH:6
BRDA:7,0,0,1
BRDA:7,0,1,19
BRDA:8,1,0,18
BRDA:8,1,1,1
BRF:4
BRH:4
end_of_record
TN:
SF:/home/labber/lighthouse/assignments/Week_19/scheduler/src/components/InterviewerList.js
FN:8,InterviewerList
FN:9,(anonymous_1)
FN:17,(anonymous_2)
FNF:3
FNH:3
FNDA:18,InterviewerList
FNDA:25,(anonymous_1)
FNDA:1,(anonymous_2)
DA:9,18
DA:10,25
DA:17,1
DA:22,18
DA:30,3
LF:5
LH:5
BRF:0
BRH:0
end_of_record
TN:
SF:/home/labber/lighthouse/assignments/Week_19/scheduler/src/components/InterviewerListItem.js
FN:6,InterviewerItem
FNF:1
FNH:1
FNDA:25,InterviewerItem
DA:7,25
DA:11,25
LF:2
LH:2
BRDA:18,0,0,25
BRDA:18,0,1,7
BRF:2
BRH:2
end_of_record
TN:
SF:/home/labber/lighthouse/assignments/Week_19/scheduler/src/components/Appointment/Confirm.js
FN:5,Confirm
FNF:1
FNH:1
FNDA:2,Confirm
DA:6,2
LF:1
LH:1
BRF:0
BRH:0
end_of_record
TN:
SF:/home/labber/lighthouse/assignments/Week_19/scheduler/src/components/Appointment/Empty.js
FN:3,Empty
FNF:1
FNH:1
FNDA:27,Empty
DA:4,27
LF:1
LH:1
BRF:0
BRH:0
end_of_record
TN:
SF:/home/labber/lighthouse/assignments/Week_19/scheduler/src/components/Appointment/Error.js
FN:3,Error
FNF:1
FNH:1
FNDA:1,Error
DA:4,1
LF:1
LH:1
BRF:0
BRH:0
end_of_record
TN:
SF:/home/labber/lighthouse/assignments/Week_19/scheduler/src/components/Appointment/Form.js
FN:6,Form
FN:11,reset
FN:17,cancel
FN:22,validate
FN:38,(anonymous_4)
FN:46,(anonymous_5)
FNF:6
FNH:5
FNDA:18,Form
FNDA:1,reset
FNDA:1,cancel
FNDA:7,validate
FNDA:0,(anonymous_4)
FNDA:3,(anonymous_5)
DA:7,18
DA:8,18
DA:9,18
DA:12,1
DA:13,1
DA:14,1
DA:18,1
DA:19,1
DA:23,7
DA:24,3
DA:25,3
DA:27,4
DA:28,1
DA:29,1
DA:31,3
DA:32,3
DA:35,18
DA:38,0
DA:47,3
LF:19
LH:18
BRDA:7,0,0,18
BRDA:7,0,1,12
BRDA:8,1,0,18
BRDA:8,1,1,12
BRDA:23,2,0,3
BRDA:23,2,1,4
BRDA:27,3,0,1
BRDA:27,3,1,3
BRF:8
BRH:8
end_of_record
TN:
SF:/home/labber/lighthouse/assignments/Week_19/scheduler/src/components/Appointment/Header.js
FN:3,Header
FNF:1
FNH:1
FNDA:50,Header
DA:4,50
LF:1
LH:1
BRF:0
BRH:0
end_of_record
TN:
SF:/home/labber/lighthouse/assignments/Week_19/scheduler/src/components/Appointment/Show.js
FN:3,Show
FNF:1
FNH:1
FNDA:10,Show
DA:4,10
LF:1
LH:1
BRDA:11,0,0,10
BRDA:11,0,1,10
BRF:2
BRH:2
end_of_record
TN:
SF:/home/labber/lighthouse/assignments/Week_19/scheduler/src/components/Appointment/Status.js
FN:3,Status
FNF:1
FNH:1
FNDA:7,Status
DA:4,7
LF:1
LH:1
BRF:0
BRH:0
end_of_record
TN:
SF:/home/labber/lighthouse/assignments/Week_19/scheduler/src/components/Appointment/index.js
FN:15,Appointment
FN:31,save
FN:41,(anonymous_2)
FN:42,(anonymous_3)
FN:45,destroy
FN:49,(anonymous_5)
FN:50,(anonymous_6)
FN:56,(anonymous_7)
FN:61,(anonymous_8)
FN:62,(anonymous_9)
FNF:10
FNH:9
FNDA:50,Appointment
FNDA:2,save
FNDA:2,(anonymous_2)
FNDA:0,(anonymous_3)
FNDA:2,destroy
FNDA:1,(anonymous_5)
FNDA:1,(anonymous_6)
FNDA:2,(anonymous_7)
FNDA:2,(anonymous_8)
FNDA:1,(anonymous_9)
DA:16,50
DA:17,50
DA:18,50
DA:19,50
DA:20,50
DA:21,50
DA:22,50
DA:23,50
DA:24,50
DA:26,50
DA:32,2
DA:37,2
DA:39,2
DA:41,2
DA:42,0
DA:46,2
DA:47,2
DA:49,1
DA:50,1
DA:53,50
DA:56,2
DA:61,2
DA:62,1
LF:23
LH:22
BRDA:27,0,0,19
BRDA:27,0,1,31
BRDA:56,1,0,50
BRDA:56,1,1,27
BRDA:57,2,0,50
BRDA:57,2,1,10
BRDA:65,3,0,50
BRDA:65,3,1,2
BRDA:71,4,0,50
BRDA:71,4,1,1
BRDA:80,5,0,50
BRDA:80,5,1,4
BRDA:81,6,0,50
BRDA:81,6,1,3
BRDA:82,7,0,50
BRDA:82,7,1,2
BRDA:89,8,0,50
BRDA:89,8,1,0
BRDA:95,9,0,50
BRDA:95,9,1,1
BRF:20
BRH:19
end_of_record
TN:
SF:/home/labber/lighthouse/assignments/Week_19/scheduler/src/helpers/selectors.js
FN:1,getAppointmentsForDay
FN:2,(anonymous_1)
FN:6,(anonymous_2)
FN:9,getInterviewersForDay
FN:10,(anonymous_4)
FN:14,(anonymous_5)
FN:17,getInterview
FNF:7
FNH:7
FNDA:21,getAppointmentsForDay
FNDA:17,(anonymous_1)
FNDA:28,(anonymous_2)
FNDA:21,getInterviewersForDay
FNDA:17,(anonymous_4)
FNDA:26,(anonymous_5)
FNDA:22,getInterview
DA:2,21
DA:4,21
DA:6,28
DA:10,21
DA:12,21
DA:14,26
DA:18,22
LF:7
LH:7
BRDA:4,0,0,8
BRDA:4,0,1,13
BRDA:4,1,0,21
BRDA:4,1,1,14
BRDA:12,2,0,8
BRDA:12,2,1,13
BRDA:12,3,0,21
BRDA:12,3,1,14
BRDA:19,4,0,22
BRDA:19,4,1,11
BRF:10
BRH:10
end_of_record
TN:
SF:/home/labber/lighthouse/assignments/Week_19/scheduler/src/hooks/useApplicationData.js
FN:13,useApplicationData
FN:21,(anonymous_1)
FN:23,(anonymous_2)
FN:29,(anonymous_3)
FN:41,bookInterview
FN:42,(anonymous_5)
FN:51,cancelInterview
FN:52,(anonymous_7)
FNF:8
FNH:8
FNDA:16,useApplicationData
FNDA:1,(anonymous_1)
FNDA:6,(anonymous_2)
FNDA:6,(anonymous_3)
FNDA:2,bookInterview
FNDA:2,(anonymous_5)
FNDA:2,cancelInterview
FNDA:1,(anonymous_7)
DA:14,16
DA:21,16
DA:23,16
DA:24,6
DA:30,6
DA:39,16
DA:42,2
DA:43,2
DA:52,2
DA:53,1
DA:61,16
LF:11
LH:11
BRF:0
BRH:0
end_of_record
TN:
SF:/home/labber/lighthouse/assignments/Week_19/scheduler/src/hooks/useRealtimeUpdate.js
FN:4,useRealtimeUpdate
FN:5,(anonymous_1)
FN:8,(anonymous_2)
FN:16,(anonymous_3)
FNF:4
FNH:3
FNDA:16,useRealtimeUpdate
FNDA:6,(anonymous_1)
FNDA:0,(anonymous_2)
FNDA:6,(anonymous_3)
DA:5,16
DA:6,6
DA:8,6
DA:9,0
DA:11,0
DA:12,0
DA:16,6
DA:17,6
LF:8
LH:5
BRDA:11,0,0,0
BRDA:11,0,1,0
BRDA:11,1,0,0
BRDA:11,1,1,0
BRF:4
BRH:0
end_of_record
TN:
SF:/home/labber/lighthouse/assignments/Week_19/scheduler/src/hooks/useVisualMode.js
FN:3,useVisualMode
FN:6,transition
FN:8,(anonymous_2)
FN:10,(anonymous_3)
FN:14,back
FN:16,(anonymous_5)
FNF:6
FNH:6
FNDA:54,useVisualMode
FNDA:15,transition
FNDA:4,(anonymous_2)
FNDA:11,(anonymous_3)
FNDA:1,back
FNDA:1,(anonymous_5)
DA:4,54
DA:7,15
DA:8,4
DA:10,11
DA:15,1
DA:16,1
DA:18,0
DA:22,54
LF:8
LH:7
BRDA:6,0,0,11
BRDA:7,1,0,4
BRDA:7,1,1,11
BRDA:15,2,0,1
BRDA:15,2,1,0
BRF:5
BRH:4
end_of_record
TN:
SF:/home/labber/lighthouse/assignments/Week_19/scheduler/src/reducers/application.js
FN:5,reducer
FN:27,(anonymous_1)
FN:30,(anonymous_2)
FN:34,(anonymous_3)
FNF:4
FNH:4
FNDA:11,reducer
FNDA:3,(anonymous_1)
FNDA:6,(anonymous_2)
FNDA:6,(anonymous_3)
DA:1,2
DA:2,2
DA:3,2
DA:6,11
DA:8,1
DA:10,6
DA:17,3
DA:22,3
DA:27,3
DA:28,3
DA:30,6
DA:34,3
DA:35,6
DA:43,3
DA:50,1
LF:15
LH:15
BRDA:6,0,0,1
BRDA:6,0,1,6
BRDA:6,0,2,3
BRDA:6,0,3,1
BRDA:19,1,0,3
BRDA:19,1,1,2
BRDA:30,2,0,3
BRDA:30,2,1,3
BRDA:35,3,0,3
BRDA:35,3,1,3
BRF:10
BRH:10
end_of_record
