TN:
SF:/home/labber/lighthouse/assignments/Week_19/scheduler/src/components/Application.js
FN:16,Application
FN:27,(anonymous_1)
FNF:2
FNH:2
FNDA:14,Application
FNDA:18,(anonymous_1)
DA:22,14
DA:24,14
DA:26,14
DA:28,18
DA:41,14
LF:5
LH:5
BRF:0
BRH:0
end_of_record
TN:
SF:/home/labber/lighthouse/assignments/Week_19/scheduler/src/components/Button.js
FN:7,Button
FNF:1
FNH:1
FNDA:35,Button
DA:8,35
DA:13,35
LF:2
LH:2
BRF:0
BRH:0
end_of_record
TN:
SF:/home/labber/lighthouse/assignments/Week_19/scheduler/src/components/DayList.js
FN:5,DayList
FN:6,(anonymous_1)
FNF:2
FNH:2
FNDA:14,DayList
FNDA:18,(anonymous_1)
DA:6,14
DA:7,18
DA:18,14
LF:3
LH:3
BRF:0
BRH:0
end_of_record
TN:
SF:/home/labber/lighthouse/assignments/Week_19/scheduler/src/components/DayListItem.js
FN:6,formatSpots
FN:13,DayListItem
FN:22,(anonymous_2)
FNF:3
FNH:3
FNDA:18,formatSpots
FNDA:18,DayListItem
FNDA:1,(anonymous_2)
DA:7,18
DA:8,17
DA:10,1
DA:14,18
DA:19,18
DA:22,1
LF:6
LH:6
BRDA:7,0,0,1
BRDA:7,0,1,17
BRDA:8,1,0,16
BRDA:8,1,1,1
BRF:4
BRH:4
end_of_record
TN:
SF:/home/labber/lighthouse/assignments/Week_19/scheduler/src/components/InterviewerList.js
FN:8,InterviewerList
FN:9,(anonymous_1)
FN:17,(anonymous_2)
FNF:3
FNH:3
FNDA:16,InterviewerList
FNDA:21,(anonymous_1)
FNDA:1,(anonymous_2)
DA:9,16
DA:10,21
DA:17,1
DA:22,16
DA:30,3
LF:5
LH:5
BRF:0
BRH:0
end_of_record
TN:
SF:/home/labber/lighthouse/assignments/Week_19/scheduler/src/components/InterviewerListItem.js
FN:6,InterviewerItem
FNF:1
FNH:1
FNDA:21,InterviewerItem
DA:7,21
DA:11,21
LF:2
LH:2
BRDA:18,0,0,21
BRDA:18,0,1,7
BRF:2
BRH:2
end_of_record
TN:
SF:/home/labber/lighthouse/assignments/Week_19/scheduler/src/components/Appointment/Confirm.js
FN:5,Confirm
FNF:1
FNH:1
FNDA:1,Confirm
DA:6,1
LF:1
LH:1
BRF:0
BRH:0
end_of_record
TN:
SF:/home/labber/lighthouse/assignments/Week_19/scheduler/src/components/Appointment/Empty.js
FN:3,Empty
FNF:1
FNH:1
FNDA:24,Empty
DA:4,24
LF:1
LH:1
BRF:0
BRH:0
end_of_record
TN:
SF:/home/labber/lighthouse/assignments/Week_19/scheduler/src/components/Appointment/Error.js
FN:3,Error
FNF:1
FNH:0
FNDA:0,Error
DA:4,0
LF:1
LH:0
BRF:0
BRH:0
end_of_record
TN:
SF:/home/labber/lighthouse/assignments/Week_19/scheduler/src/components/Appointment/Form.js
FN:6,Form
FN:11,reset
FN:17,cancel
FN:22,validate
FN:38,(anonymous_4)
FN:46,(anonymous_5)
FNF:6
FNH:5
FNDA:16,Form
FNDA:1,reset
FNDA:1,cancel
FNDA:6,validate
FNDA:0,(anonymous_4)
FNDA:3,(anonymous_5)
DA:7,16
DA:8,16
DA:9,16
DA:12,1
DA:13,1
DA:14,1
DA:18,1
DA:19,1
DA:23,6
DA:24,2
DA:25,2
DA:27,4
DA:28,1
DA:29,1
DA:31,3
DA:32,3
DA:35,16
DA:38,0
DA:47,3
LF:19
LH:18
BRDA:7,0,0,16
BRDA:7,0,1,10
BRDA:8,1,0,16
BRDA:8,1,1,10
BRDA:23,2,0,2
BRDA:23,2,1,4
BRDA:27,3,0,1
BRDA:27,3,1,3
BRF:8
BRH:8
end_of_record
TN:
SF:/home/labber/lighthouse/assignments/Week_19/scheduler/src/components/Appointment/Header.js
FN:3,Header
FNF:1
FNH:1
FNDA:42,Header
DA:4,42
LF:1
LH:1
BRF:0
BRH:0
end_of_record
TN:
SF:/home/labber/lighthouse/assignments/Week_19/scheduler/src/components/Appointment/Show.js
FN:3,Show
FNF:1
FNH:1
FNDA:9,Show
DA:4,9
LF:1
LH:1
BRDA:11,0,0,9
BRDA:11,0,1,9
BRF:2
BRH:2
end_of_record
TN:
SF:/home/labber/lighthouse/assignments/Week_19/scheduler/src/components/Appointment/Status.js
FN:3,Status
FNF:1
FNH:1
FNDA:6,Status
DA:4,6
LF:1
LH:1
BRF:0
BRH:0
end_of_record
TN:
SF:/home/labber/lighthouse/assignments/Week_19/scheduler/src/components/Appointment/index.js
FN:15,Appointment
FN:31,save
FN:41,(anonymous_2)
FN:42,(anonymous_3)
FN:45,destroy
FN:49,(anonymous_5)
FN:50,(anonymous_6)
FN:56,(anonymous_7)
FN:61,(anonymous_8)
FN:62,(anonymous_9)
FNF:10
FNH:8
FNDA:42,Appointment
FNDA:2,save
FNDA:2,(anonymous_2)
FNDA:0,(anonymous_3)
FNDA:1,destroy
FNDA:1,(anonymous_5)
FNDA:0,(anonymous_6)
FNDA:1,(anonymous_7)
FNDA:1,(anonymous_8)
FNDA:1,(anonymous_9)
DA:16,42
DA:17,42
DA:18,42
DA:19,42
DA:20,42
DA:21,42
DA:22,42
DA:23,42
DA:24,42
DA:26,42
DA:32,2
DA:37,2
DA:39,2
DA:41,2
DA:42,0
DA:46,1
DA:47,1
DA:49,1
DA:50,0
DA:53,42
DA:56,1
DA:61,1
DA:62,1
LF:23
LH:21
BRDA:27,0,0,15
BRDA:27,0,1,27
BRDA:56,1,0,42
BRDA:56,1,1,24
BRDA:57,2,0,42
BRDA:57,2,1,9
BRDA:65,3,0,42
BRDA:65,3,1,1
BRDA:71,4,0,42
BRDA:71,4,1,1
BRDA:80,5,0,42
BRDA:80,5,1,4
BRDA:81,6,0,42
BRDA:81,6,1,2
BRDA:82,7,0,42
BRDA:82,7,1,1
BRDA:89,8,0,42
BRDA:89,8,1,0
BRDA:95,9,0,42
BRDA:95,9,1,0
BRF:20
BRH:18
end_of_record
TN:
SF:/home/labber/lighthouse/assignments/Week_19/scheduler/src/helpers/selectors.js
FN:1,getAppointmentsForDay
FN:2,(anonymous_1)
FN:6,(anonymous_2)
FN:9,getInterviewersForDay
FN:10,(anonymous_4)
FN:14,(anonymous_5)
FN:17,getInterview
FNF:7
FNH:7
FNDA:19,getAppointmentsForDay
FNDA:16,(anonymous_1)
FNDA:26,(anonymous_2)
FNDA:19,getInterviewersForDay
FNDA:16,(anonymous_4)
FNDA:24,(anonymous_5)
FNDA:20,getInterview
DA:2,19
DA:4,19
DA:6,26
DA:10,19
DA:12,19
DA:14,24
DA:18,20
LF:7
LH:7
BRDA:4,0,0,7
BRDA:4,0,1,12
BRDA:4,1,0,19
BRDA:4,1,1,13
BRDA:12,2,0,7
BRDA:12,2,1,12
BRDA:12,3,0,19
BRDA:12,3,1,13
BRDA:19,4,0,20
BRDA:19,4,1,10
BRF:10
BRH:10
end_of_record
TN:
SF:/home/labber/lighthouse/assignments/Week_19/scheduler/src/hooks/useApplicationData.js
FN:13,useApplicationData
FN:21,(anonymous_1)
FN:23,(anonymous_2)
FN:29,(anonymous_3)
FN:41,bookInterview
FN:42,(anonymous_5)
FN:51,cancelInterview
FN:52,(anonymous_7)
FNF:8
FNH:8
FNDA:14,useApplicationData
FNDA:1,(anonymous_1)
FNDA:5,(anonymous_2)
FNDA:5,(anonymous_3)
FNDA:2,bookInterview
FNDA:2,(anonymous_5)
FNDA:1,cancelInterview
FNDA:1,(anonymous_7)
DA:14,14
DA:21,14
DA:23,14
DA:24,5
DA:30,5
DA:39,14
DA:42,2
DA:43,2
DA:52,1
DA:53,1
DA:61,14
LF:11
LH:11
BRF:0
BRH:0
end_of_record
TN:
SF:/home/labber/lighthouse/assignments/Week_19/scheduler/src/hooks/useRealtimeUpdate.js
FN:4,useRealtimeUpdate
FN:5,(anonymous_1)
FN:8,(anonymous_2)
FN:16,(anonymous_3)
FNF:4
FNH:3
FNDA:14,useRealtimeUpdate
FNDA:5,(anonymous_1)
FNDA:0,(anonymous_2)
FNDA:5,(anonymous_3)
DA:5,14
DA:6,5
DA:8,5
DA:9,0
DA:11,0
DA:12,0
DA:16,5
DA:17,5
LF:8
LH:5
BRDA:11,0,0,0
BRDA:11,0,1,0
BRDA:11,1,0,0
BRDA:11,1,1,0
BRF:4
BRH:0
end_of_record
TN:
SF:/home/labber/lighthouse/assignments/Week_19/scheduler/src/hooks/useVisualMode.js
FN:3,useVisualMode
FN:6,transition
FN:8,(anonymous_2)
FN:10,(anonymous_3)
FN:14,back
FN:16,(anonymous_5)
FNF:6
FNH:6
FNDA:46,useVisualMode
FNDA:11,transition
FNDA:2,(anonymous_2)
FNDA:9,(anonymous_3)
FNDA:1,back
FNDA:1,(anonymous_5)
DA:4,46
DA:7,11
DA:8,2
DA:10,9
DA:15,1
DA:16,1
DA:18,0
DA:22,46
LF:8
LH:7
BRDA:6,0,0,9
BRDA:7,1,0,2
BRDA:7,1,1,9
BRDA:15,2,0,1
BRDA:15,2,1,0
BRF:5
BRH:4
end_of_record
TN:
SF:/home/labber/lighthouse/assignments/Week_19/scheduler/src/reducers/application.js
FN:5,reducer
FN:27,(anonymous_1)
FN:30,(anonymous_2)
FN:34,(anonymous_3)
FNF:4
FNH:4
FNDA:10,reducer
FNDA:3,(anonymous_1)
FNDA:6,(anonymous_2)
FNDA:6,(anonymous_3)
DA:1,2
DA:2,2
DA:3,2
DA:6,10
DA:8,1
DA:10,5
DA:17,3
DA:22,3
DA:27,3
DA:28,3
DA:30,6
DA:34,3
DA:35,6
DA:43,3
DA:50,1
LF:15
LH:15
BRDA:6,0,0,1
BRDA:6,0,1,5
BRDA:6,0,2,3
BRDA:6,0,3,1
BRDA:19,1,0,3
BRDA:19,1,1,2
BRDA:30,2,0,3
BRDA:30,2,1,3
BRDA:35,3,0,3
BRDA:35,3,1,3
BRF:10
BRH:10
end_of_record
